Reading netlist file: "C:\Users\Armin\Desktop\ImageProcessing\TangNano20k_LCD_attempt_0\impl\gwsynthesis\TangNano20k_LCD_attempt_0.vg"
Parsing netlist file "C:\Users\Armin\Desktop\ImageProcessing\TangNano20k_LCD_attempt_0\impl\gwsynthesis\TangNano20k_LCD_attempt_0.vg" completed
Processing netlist completed
Reading constraint file: "C:\Users\Armin\Desktop\ImageProcessing\TangNano20k_LCD_attempt_0\src\TangNano20k_LCD_attempt_0.cst"
Physical Constraint parsed completed
Running placement......
[10%] Placement Phase 0 completed
[20%] Placement Phase 1 completed
[30%] Placement Phase 2 completed
WARN  (TA1117) : Can't calculate clocks' relationship between: "tck_pad_i" and "chip_pll/rpll_inst/CLKOUTD.default_gen_clk"
WARN  (TA1117) : Can't calculate clocks' relationship between: "chip_pll/rpll_inst/CLKOUTD.default_gen_clk" and "tck_pad_i"
[50%] Placement Phase 3 completed
Running routing......
[60%] Routing Phase 0 completed
[70%] Routing Phase 1 completed
[80%] Routing Phase 2 completed
WARN  (PR1014) : Generic routing resource will be used to clock signal 'XTAL_IN_d' by the specified constraint. And then it may lead to the excessive delay or skew
[90%] Routing Phase 3 completed
Running timing analysis......
[95%] Timing analysis completed
Placement and routing completed
Bitstream generation in progress......
Bitstream generation completed
Running power analysis......
[100%] Power analysis completed
Generate file "C:\Users\Armin\Desktop\ImageProcessing\TangNano20k_LCD_attempt_0\impl\pnr\TangNano20k_LCD_attempt_0.power.html" completed
Generate file "C:\Users\Armin\Desktop\ImageProcessing\TangNano20k_LCD_attempt_0\impl\pnr\TangNano20k_LCD_attempt_0.pin.html" completed
Generate file "C:\Users\Armin\Desktop\ImageProcessing\TangNano20k_LCD_attempt_0\impl\pnr\TangNano20k_LCD_attempt_0.rpt.html" completed
Generate file "C:\Users\Armin\Desktop\ImageProcessing\TangNano20k_LCD_attempt_0\impl\pnr\TangNano20k_LCD_attempt_0.rpt.txt" completed
Generate file "C:\Users\Armin\Desktop\ImageProcessing\TangNano20k_LCD_attempt_0\impl\pnr\TangNano20k_LCD_attempt_0.tr.html" completed
Sun Sep 10 16:37:34 2023

