GowinSynthesis start
Running parser ...
Analyzing Verilog file 'C:\Users\Armin\Desktop\ImageProcessing\TangNano20k_Camera_attempt_6\src\ekran.v'
Analyzing Verilog file 'C:\Users\Armin\Desktop\ImageProcessing\TangNano20k_Camera_attempt_6\src\ekran1.v'
Analyzing Verilog file 'C:\Users\Armin\Desktop\ImageProcessing\TangNano20k_Camera_attempt_6\src\gowin_rpll\gowin_rpll.v'
Analyzing Verilog file 'C:\Users\Armin\Desktop\ImageProcessing\TangNano20k_Camera_attempt_6\src\gowin_rpll\gowin_rpll_pix.v'
Analyzing Verilog file 'C:\Users\Armin\Desktop\ImageProcessing\TangNano20k_Camera_attempt_6\src\gowin_sdpb\gowin_sdpb.v'
Analyzing Verilog file 'C:\Users\Armin\Desktop\ImageProcessing\TangNano20k_Camera_attempt_6\src\gowin_sdpb\gowin_sdpb1.v'
Analyzing Verilog file 'C:\Users\Armin\Desktop\ImageProcessing\TangNano20k_Camera_attempt_6\src\top.v'
Analyzing Verilog file 'C:\Users\Armin\Desktop\ImageProcessing\TangNano20k_Camera_attempt_6\src\gowin_sdpb\gowin_sdpb2.v'
Analyzing Verilog file 'C:\Users\Armin\Desktop\ImageProcessing\TangNano20k_Camera_attempt_6\src\ekran2.v'
Analyzing Verilog file 'C:\Users\Armin\Desktop\ImageProcessing\TangNano20k_Camera_attempt_6\src\Binary_video.v'
Analyzing Verilog file 'C:\Users\Armin\Desktop\ImageProcessing\TangNano20k_Camera_attempt_6\src\gowin_sdpb\gowin_sdpb3.v'
Analyzing Verilog file 'C:\Users\Armin\Desktop\ImageProcessing\TangNano20k_Camera_attempt_6\src\gowin_sdpb\gowin_sdpb4.v'
Analyzing Verilog file 'C:\Users\Armin\Desktop\ImageProcessing\TangNano20k_Camera_attempt_6\src\Morphology_3x3_video.v'
Undeclared symbol 'din', assumed default net type 'wire'("C:\Users\Armin\Desktop\ImageProcessing\TangNano20k_Camera_attempt_6\src\Morphology_3x3_video.v":96)
Compiling module 'top'("C:\Users\Armin\Desktop\ImageProcessing\TangNano20k_Camera_attempt_6\src\top.v":1)
Compiling module 'Gowin_rPLL'("C:\Users\Armin\Desktop\ImageProcessing\TangNano20k_Camera_attempt_6\src\gowin_rpll\gowin_rpll.v":10)
Compiling module 'Morphology_3x3_video'("C:\Users\Armin\Desktop\ImageProcessing\TangNano20k_Camera_attempt_6\src\Morphology_3x3_video.v":1)
Compiling module 'Gowin_SDPB4'("C:\Users\Armin\Desktop\ImageProcessing\TangNano20k_Camera_attempt_6\src\gowin_sdpb\gowin_sdpb4.v":10)
WARN  (EX3791) : Expression size 19 truncated to fit in target size 18("C:\Users\Armin\Desktop\ImageProcessing\TangNano20k_Camera_attempt_6\src\Morphology_3x3_video.v":178)
NOTE  (EX0101) : Current top module is "top"
WARN  (EX0211) : The output port "LCD_HSYNC" of module "Morphology_3x3_video" has no driver, assigning undriven bits to Z, simulation mismatch possible("C:\Users\Armin\Desktop\ImageProcessing\TangNano20k_Camera_attempt_6\src\Morphology_3x3_video.v":5)
WARN  (EX0211) : The output port "LCD_VSYNC" of module "Morphology_3x3_video" has no driver, assigning undriven bits to Z, simulation mismatch possible("C:\Users\Armin\Desktop\ImageProcessing\TangNano20k_Camera_attempt_6\src\Morphology_3x3_video.v":6)
[5%] Running netlist conversion ...
WARN  (CV0016) : Input Reset_Button is unused("C:\Users\Armin\Desktop\ImageProcessing\TangNano20k_Camera_attempt_6\src\top.v":2)
Running device independent optimization ...
WARN  (DI0002) : Asynchronous register "addrRead1[0]" initial values do not match with the Gowin library, simulation mismatch possible("C:\Users\Armin\Desktop\ImageProcessing\TangNano20k_Camera_attempt_6\src\Morphology_3x3_video.v":194)
[10%] Optimizing Phase 0 completed
[15%] Optimizing Phase 1 completed
[25%] Optimizing Phase 2 completed
Running inference ...
[30%] Inferring Phase 0 completed
[40%] Inferring Phase 1 completed
[50%] Inferring Phase 2 completed
[55%] Inferring Phase 3 completed
Running technical mapping ...
[60%] Tech-Mapping Phase 0 completed
[65%] Tech-Mapping Phase 1 completed
[75%] Tech-Mapping Phase 2 completed
[80%] Tech-Mapping Phase 3 completed
[90%] Tech-Mapping Phase 4 completed
[95%] Generate netlist file "C:\Users\Armin\Desktop\ImageProcessing\TangNano20k_Camera_attempt_6\impl\gwsynthesis\TangNano20k_Camera_attempt_2.vg" completed
[100%] Generate report file "C:\Users\Armin\Desktop\ImageProcessing\TangNano20k_Camera_attempt_6\impl\gwsynthesis\TangNano20k_Camera_attempt_2_syn.rpt.html" completed
GowinSynthesis finish
