GowinSynthesis start
Running parser ...
Analyzing Verilog file 'C:\Users\Armin\Desktop\ImageProcessing\TangNano20k_DSim_Cloud\project\src\gowin_rpll\gowin_rpll.v'
Analyzing Verilog file 'C:\Users\Armin\Desktop\ImageProcessing\TangNano20k_DSim_Cloud\project\src\gowin_rpll\gowin_rpll1.v'
Analyzing Verilog file 'C:\Users\Armin\Desktop\ImageProcessing\TangNano20k_DSim_Cloud\project\src\gowin_sdpb\gowin_sdpb.v'
Analyzing Verilog file 'C:\Users\Armin\Desktop\ImageProcessing\TangNano20k_DSim_Cloud\project\src\gowin_sdpb\gowin_sdpb1.v'
Analyzing Verilog file 'C:\Users\Armin\Desktop\ImageProcessing\TangNano20k_DSim_Cloud\project\src\gowin_sdpb\gowin_sdpb2.v'
Analyzing Verilog file 'C:\Users\Armin\Desktop\ImageProcessing\TangNano20k_DSim_Cloud\project\src\gowin_sdpb\gowin_sdpb3.v'
Analyzing Verilog file 'C:\Users\Armin\Desktop\ImageProcessing\TangNano20k_DSim_Cloud\project\src\gowin_sdpb\gowin_sdpb4.v'
Analyzing Verilog file 'C:\Users\Armin\Desktop\ImageProcessing\TangNano20k_DSim_Cloud\project\src\gowin_sdpb\gowin_sdpb5.v'
Analyzing Verilog file 'C:\Users\Armin\Desktop\ImageProcessing\TangNano20k_DSim_Cloud\project\src\top.sv'
Analyzing Verilog file 'C:\Users\Armin\Desktop\ImageProcessing\TangNano20k_DSim_Cloud\project\src\top1.sv'
Analyzing Verilog file 'C:\Users\Armin\Desktop\ImageProcessing\TangNano20k_DSim_Cloud\project\src\top2.sv'
Analyzing Verilog file 'C:\Users\Armin\Desktop\ImageProcessing\TangNano20k_DSim_Cloud\project\src\top3.sv'
Compiling module 'top3'("C:\Users\Armin\Desktop\ImageProcessing\TangNano20k_DSim_Cloud\project\src\top3.sv":1)
Compiling module 'Gowin_rPLL'("C:\Users\Armin\Desktop\ImageProcessing\TangNano20k_DSim_Cloud\project\src\gowin_rpll\gowin_rpll.v":10)
Compiling module 'Gowin_SDPB5'("C:\Users\Armin\Desktop\ImageProcessing\TangNano20k_DSim_Cloud\project\src\gowin_sdpb\gowin_sdpb5.v":10)
NOTE  (EX0101) : Current top module is "top3"
[5%] Running netlist conversion ...
Running device independent optimization ...
[10%] Optimizing Phase 0 completed
[15%] Optimizing Phase 1 completed
[25%] Optimizing Phase 2 completed
Running inference ...
[30%] Inferring Phase 0 completed
[40%] Inferring Phase 1 completed
[50%] Inferring Phase 2 completed
[55%] Inferring Phase 3 completed
Running technical mapping ...
[60%] Tech-Mapping Phase 0 completed
[65%] Tech-Mapping Phase 1 completed
[75%] Tech-Mapping Phase 2 completed
[80%] Tech-Mapping Phase 3 completed
[90%] Tech-Mapping Phase 4 completed
[95%] Generate netlist file "C:\Users\Armin\Desktop\ImageProcessing\TangNano20k_DSim_Cloud\project\impl\gwsynthesis\TangNano20k_DSim_Cloud.vg" completed
[100%] Generate report file "C:\Users\Armin\Desktop\ImageProcessing\TangNano20k_DSim_Cloud\project\impl\gwsynthesis\TangNano20k_DSim_Cloud_syn.rpt.html" completed
GowinSynthesis finish
